2021-05-17T06:31:53+0000 requested google.com
2021-05-17T06:31:54+0000 google.com is at 2404:6800:4006:811::200e
2021-05-17T06:31:54+0000 requested google.com
2021-05-17T06:31:54+0000 google.com expires at 2021-05-17T06:32:58+0000
2021-05-17T06:31:54+0000 google.com is at 2404:6800:4006:811::200e
2021-05-17T06:31:55+0000 requested google.com
2021-05-17T06:31:55+0000 google.com expires at 2021-05-17T06:32:58+0000
2021-05-17T06:31:55+0000 google.com is at 2404:6800:4006:811::200e
2021-05-17T06:31:59+0000 requested microsoft.com
2021-05-17T06:32:03+0000 requested facebook.com
2021-05-17T06:32:03+0000 facebook.com is at 2a03:2880:f119:8083:face:b00c:0:25de
2021-05-17T06:32:06+0000 requested apple.com
2021-05-17T06:32:11+0000 requested youtube.com
2021-05-17T06:32:11+0000 youtube.com is at 2404:6800:4006:80e::200e
2021-05-17T06:32:50+0000 requested google.com
2021-05-17T06:32:50+0000 google.com expires at 2021-05-17T06:32:57+0000
2021-05-17T06:32:50+0000 google.com is at 2404:6800:4006:811::200e
2021-05-17T06:33:35+0000 requested google.com
2021-05-17T06:33:35+0000 replacing google.com by google.com
2021-05-17T06:33:35+0000 google.com is at 2404:6800:4006:811::200e
